ARM GAS  C:\Users\laure\AppData\Local\Temp\ccOGAACa.s 			page 1


   1              		.syntax unified
   2              		.cpu cortex-m3
   3              		.fpu softvfp
   4              		.eabi_attribute 20, 1
   5              		.eabi_attribute 21, 1
   6              		.eabi_attribute 23, 3
   7              		.eabi_attribute 24, 1
   8              		.eabi_attribute 25, 1
   9              		.eabi_attribute 26, 1
  10              		.eabi_attribute 30, 1
  11              		.eabi_attribute 34, 1
  12              		.eabi_attribute 18, 4
  13              		.thumb
  14              		.syntax unified
  15              		.file	"main.c"
  16              		.text
  17              	.Ltext0:
  18              		.cfi_sections	.debug_frame
  19              		.section	.text.ISRH_CheckButtons,"ax",%progbits
  20              		.align	2
  21              		.global	ISRH_CheckButtons
  22              		.thumb
  23              		.thumb_func
  24              		.type	ISRH_CheckButtons, %function
  25              	ISRH_CheckButtons:
  26              	.LFB63:
  27              		.file 1 "main.c"
   1:main.c        **** /* ========================================
   2:main.c        ****  *
   3:main.c        ****  * Copyright YOUR COMPANY, THE YEAR
   4:main.c        ****  * All Rights Reserved
   5:main.c        ****  * UNPUBLISHED, LICENSED SOFTWARE.
   6:main.c        ****  *
   7:main.c        ****  * CONFIDENTIAL AND PROPRIETARY INFORMATION
   8:main.c        ****  * WHICH IS THE PROPERTY OF your company.
   9:main.c        ****  *
  10:main.c        ****  * ========================================
  11:main.c        **** */
  12:main.c        **** #include "project.h"
  13:main.c        **** #include "Schakelklok_Buttons.h"
  14:main.c        **** 
  15:main.c        **** 
  16:main.c        **** volatile int flag_checkButtons = 0;
  17:main.c        **** 
  18:main.c        **** 
  19:main.c        **** CY_ISR_PROTO(ISRH_CheckButtons);
  20:main.c        **** 
  21:main.c        **** CY_ISR(ISRH_CheckButtons){
  28              		.loc 1 21 0
  29              		.cfi_startproc
  30              		@ args = 0, pretend = 0, frame = 0
  31              		@ frame_needed = 0, uses_anonymous_args = 0
  32 0000 08B5     		push	{r3, lr}
  33              		.cfi_def_cfa_offset 8
  34              		.cfi_offset 3, -8
  35              		.cfi_offset 14, -4
  22:main.c        ****     flag_checkButtons = 1;
ARM GAS  C:\Users\laure\AppData\Local\Temp\ccOGAACa.s 			page 2


  36              		.loc 1 22 0
  37 0002 0122     		movs	r2, #1
  38 0004 024B     		ldr	r3, .L3
  39 0006 1A60     		str	r2, [r3]
  23:main.c        ****     ISR_1kHz_ClearInterrupt();
  40              		.loc 1 23 0
  41 0008 FFF7FEFF 		bl	ISR_1kHz_ClearInterrupt
  42              	.LVL0:
  43 000c 08BD     		pop	{r3, pc}
  44              	.L4:
  45 000e 00BF     		.align	2
  46              	.L3:
  47 0010 00000000 		.word	.LANCHOR0
  48              		.cfi_endproc
  49              	.LFE63:
  50              		.size	ISRH_CheckButtons, .-ISRH_CheckButtons
  51              		.section	.text.main,"ax",%progbits
  52              		.align	2
  53              		.global	main
  54              		.thumb
  55              		.thumb_func
  56              		.type	main, %function
  57              	main:
  58              	.LFB64:
  24:main.c        **** }
  25:main.c        **** 
  26:main.c        **** int main(void)
  27:main.c        **** {
  59              		.loc 1 27 0
  60              		.cfi_startproc
  61              		@ args = 0, pretend = 0, frame = 0
  62              		@ frame_needed = 0, uses_anonymous_args = 0
  63 0000 08B5     		push	{r3, lr}
  64              		.cfi_def_cfa_offset 8
  65              		.cfi_offset 3, -8
  66              		.cfi_offset 14, -4
  28:main.c        ****     CyGlobalIntEnable; /* Enable global interrupts. */
  67              		.loc 1 28 0
  68              		.syntax unified
  69              	@ 28 "main.c" 1
  70 0002 62B6     		CPSIE   i
  71              	@ 0 "" 2
  72              	.LVL1:
  29:main.c        ****     
  30:main.c        ****     /* Place your initialization/startup code here (e.g. MyInst_Start()) */
  31:main.c        ****     uint8_t buttonStatus = 0;
  32:main.c        ****     
  33:main.c        ****     ISR_1kHz_StartEx(ISRH_CheckButtons);
  73              		.loc 1 33 0
  74              		.thumb
  75              		.syntax unified
  76 0004 0748     		ldr	r0, .L9
  77 0006 FFF7FEFF 		bl	ISR_1kHz_StartEx
  78              	.LVL2:
  79              	.L6:
  34:main.c        ****     
  35:main.c        ****     for(;;)
ARM GAS  C:\Users\laure\AppData\Local\Temp\ccOGAACa.s 			page 3


  36:main.c        ****     {
  37:main.c        ****         if(flag_checkButtons == 1){
  80              		.loc 1 37 0
  81 000a 074B     		ldr	r3, .L9+4
  82 000c 1B68     		ldr	r3, [r3]
  83 000e 012B     		cmp	r3, #1
  84 0010 FBD1     		bne	.L6
  85              	.LBB2:
  38:main.c        ****             buttonStatus = checkButtons(i_Buttons_Read());
  86              		.loc 1 38 0
  87 0012 FFF7FEFF 		bl	i_Buttons_Read
  88              	.LVL3:
  89 0016 FFF7FEFF 		bl	checkButtons
  90              	.LVL4:
  39:main.c        ****             flag_checkButtons = 0;
  91              		.loc 1 39 0
  92 001a 0022     		movs	r2, #0
  93 001c 024B     		ldr	r3, .L9+4
  94 001e 1A60     		str	r2, [r3]
  95 0020 F3E7     		b	.L6
  96              	.L10:
  97 0022 00BF     		.align	2
  98              	.L9:
  99 0024 00000000 		.word	ISRH_CheckButtons
 100 0028 00000000 		.word	.LANCHOR0
 101              	.LBE2:
 102              		.cfi_endproc
 103              	.LFE64:
 104              		.size	main, .-main
 105              		.global	flag_checkButtons
 106              		.bss
 107              		.align	2
 108              		.set	.LANCHOR0,. + 0
 109              		.type	flag_checkButtons, %object
 110              		.size	flag_checkButtons, 4
 111              	flag_checkButtons:
 112 0000 00000000 		.space	4
 113              		.text
 114              	.Letext0:
 115              		.file 2 "d:\\applications\\cypress\\psoc creator\\4.4\\psoc creator\\import\\gnu\\arm\\5.4.1\\arm-
 116              		.file 3 "d:\\applications\\cypress\\psoc creator\\4.4\\psoc creator\\import\\gnu\\arm\\5.4.1\\arm-
 117              		.file 4 "Generated_Source\\PSoC5/core_cm3.h"
 118              		.file 5 "Generated_Source\\PSoC5/ISR_1kHz.h"
 119              		.section	.debug_info,"",%progbits
 120              	.Ldebug_info0:
 121 0000 B8010000 		.4byte	0x1b8
 122 0004 0400     		.2byte	0x4
 123 0006 00000000 		.4byte	.Ldebug_abbrev0
 124 000a 04       		.byte	0x4
 125 000b 01       		.uleb128 0x1
 126 000c 47000000 		.4byte	.LASF24
 127 0010 0C       		.byte	0xc
 128 0011 E4010000 		.4byte	.LASF25
 129 0015 54010000 		.4byte	.LASF26
 130 0019 00000000 		.4byte	.Ldebug_ranges0+0
 131 001d 00000000 		.4byte	0
 132 0021 00000000 		.4byte	.Ldebug_line0
ARM GAS  C:\Users\laure\AppData\Local\Temp\ccOGAACa.s 			page 4


 133 0025 02       		.uleb128 0x2
 134 0026 01       		.byte	0x1
 135 0027 06       		.byte	0x6
 136 0028 0F020000 		.4byte	.LASF0
 137 002c 03       		.uleb128 0x3
 138 002d 00000000 		.4byte	.LASF4
 139 0031 02       		.byte	0x2
 140 0032 1D       		.byte	0x1d
 141 0033 37000000 		.4byte	0x37
 142 0037 02       		.uleb128 0x2
 143 0038 01       		.byte	0x1
 144 0039 08       		.byte	0x8
 145 003a 39000000 		.4byte	.LASF1
 146 003e 02       		.uleb128 0x2
 147 003f 02       		.byte	0x2
 148 0040 05       		.byte	0x5
 149 0041 F0010000 		.4byte	.LASF2
 150 0045 02       		.uleb128 0x2
 151 0046 02       		.byte	0x2
 152 0047 07       		.byte	0x7
 153 0048 15010000 		.4byte	.LASF3
 154 004c 03       		.uleb128 0x3
 155 004d 17000000 		.4byte	.LASF5
 156 0051 02       		.byte	0x2
 157 0052 3F       		.byte	0x3f
 158 0053 57000000 		.4byte	0x57
 159 0057 02       		.uleb128 0x2
 160 0058 04       		.byte	0x4
 161 0059 05       		.byte	0x5
 162 005a FA010000 		.4byte	.LASF6
 163 005e 02       		.uleb128 0x2
 164 005f 04       		.byte	0x4
 165 0060 07       		.byte	0x7
 166 0061 03010000 		.4byte	.LASF7
 167 0065 02       		.uleb128 0x2
 168 0066 08       		.byte	0x8
 169 0067 05       		.byte	0x5
 170 0068 D6010000 		.4byte	.LASF8
 171 006c 02       		.uleb128 0x2
 172 006d 08       		.byte	0x8
 173 006e 07       		.byte	0x7
 174 006f A6010000 		.4byte	.LASF9
 175 0073 04       		.uleb128 0x4
 176 0074 04       		.byte	0x4
 177 0075 05       		.byte	0x5
 178 0076 696E7400 		.ascii	"int\000"
 179 007a 02       		.uleb128 0x2
 180 007b 04       		.byte	0x4
 181 007c 07       		.byte	0x7
 182 007d 99010000 		.4byte	.LASF10
 183 0081 03       		.uleb128 0x3
 184 0082 BD010000 		.4byte	.LASF11
 185 0086 03       		.byte	0x3
 186 0087 18       		.byte	0x18
 187 0088 2C000000 		.4byte	0x2c
 188 008c 03       		.uleb128 0x3
 189 008d C5010000 		.4byte	.LASF12
ARM GAS  C:\Users\laure\AppData\Local\Temp\ccOGAACa.s 			page 5


 190 0091 03       		.byte	0x3
 191 0092 2C       		.byte	0x2c
 192 0093 4C000000 		.4byte	0x4c
 193 0097 02       		.uleb128 0x2
 194 0098 04       		.byte	0x4
 195 0099 04       		.byte	0x4
 196 009a 33000000 		.4byte	.LASF13
 197 009e 02       		.uleb128 0x2
 198 009f 08       		.byte	0x8
 199 00a0 04       		.byte	0x4
 200 00a1 4D010000 		.4byte	.LASF14
 201 00a5 02       		.uleb128 0x2
 202 00a6 01       		.byte	0x1
 203 00a7 08       		.byte	0x8
 204 00a8 EB010000 		.4byte	.LASF15
 205 00ac 02       		.uleb128 0x2
 206 00ad 04       		.byte	0x4
 207 00ae 07       		.byte	0x7
 208 00af CD010000 		.4byte	.LASF16
 209 00b3 02       		.uleb128 0x2
 210 00b4 08       		.byte	0x8
 211 00b5 04       		.byte	0x4
 212 00b6 03020000 		.4byte	.LASF17
 213 00ba 05       		.uleb128 0x5
 214 00bb D5000000 		.4byte	.LASF27
 215 00bf 01       		.byte	0x1
 216 00c0 15       		.byte	0x15
 217 00c1 00000000 		.4byte	.LFB63
 218 00c5 14000000 		.4byte	.LFE63-.LFB63
 219 00c9 01       		.uleb128 0x1
 220 00ca 9C       		.byte	0x9c
 221 00cb EA000000 		.4byte	0xea
 222 00cf 06       		.uleb128 0x6
 223 00d0 35010000 		.4byte	.LASF18
 224 00d4 01       		.byte	0x1
 225 00d5 17       		.byte	0x17
 226 00d6 73000000 		.4byte	0x73
 227 00da E0000000 		.4byte	0xe0
 228 00de 07       		.uleb128 0x7
 229 00df 00       		.byte	0
 230 00e0 08       		.uleb128 0x8
 231 00e1 0C000000 		.4byte	.LVL0
 232 00e5 8F010000 		.4byte	0x18f
 233 00e9 00       		.byte	0
 234 00ea 09       		.uleb128 0x9
 235 00eb 83010000 		.4byte	.LASF28
 236 00ef 01       		.byte	0x1
 237 00f0 1A       		.byte	0x1a
 238 00f1 73000000 		.4byte	0x73
 239 00f5 00000000 		.4byte	.LFB64
 240 00f9 2C000000 		.4byte	.LFE64-.LFB64
 241 00fd 01       		.uleb128 0x1
 242 00fe 9C       		.byte	0x9c
 243 00ff 68010000 		.4byte	0x168
 244 0103 0A       		.uleb128 0xa
 245 0104 0A000000 		.4byte	.LASF29
 246 0108 01       		.byte	0x1
ARM GAS  C:\Users\laure\AppData\Local\Temp\ccOGAACa.s 			page 6


 247 0109 1F       		.byte	0x1f
 248 010a 81000000 		.4byte	0x81
 249 010e 00000000 		.4byte	.LLST0
 250 0112 0B       		.uleb128 0xb
 251 0113 12000000 		.4byte	.LBB2
 252 0117 1A000000 		.4byte	.LBE2-.LBB2
 253 011b 54010000 		.4byte	0x154
 254 011f 06       		.uleb128 0x6
 255 0120 E7000000 		.4byte	.LASF19
 256 0124 01       		.byte	0x1
 257 0125 26       		.byte	0x26
 258 0126 73000000 		.4byte	0x73
 259 012a 30010000 		.4byte	0x130
 260 012e 07       		.uleb128 0x7
 261 012f 00       		.byte	0
 262 0130 06       		.uleb128 0x6
 263 0131 F4000000 		.4byte	.LASF20
 264 0135 01       		.byte	0x1
 265 0136 26       		.byte	0x26
 266 0137 73000000 		.4byte	0x73
 267 013b 41010000 		.4byte	0x141
 268 013f 07       		.uleb128 0x7
 269 0140 00       		.byte	0
 270 0141 08       		.uleb128 0x8
 271 0142 16000000 		.4byte	.LVL3
 272 0146 9A010000 		.4byte	0x19a
 273 014a 08       		.uleb128 0x8
 274 014b 1A000000 		.4byte	.LVL4
 275 014f A5010000 		.4byte	0x1a5
 276 0153 00       		.byte	0
 277 0154 0C       		.uleb128 0xc
 278 0155 0A000000 		.4byte	.LVL2
 279 0159 B0010000 		.4byte	0x1b0
 280 015d 0D       		.uleb128 0xd
 281 015e 01       		.uleb128 0x1
 282 015f 50       		.byte	0x50
 283 0160 05       		.uleb128 0x5
 284 0161 03       		.byte	0x3
 285 0162 00000000 		.4byte	ISRH_CheckButtons
 286 0166 00       		.byte	0
 287 0167 00       		.byte	0
 288 0168 0E       		.uleb128 0xe
 289 0169 28010000 		.4byte	.LASF21
 290 016d 04       		.byte	0x4
 291 016e 1207     		.2byte	0x712
 292 0170 74010000 		.4byte	0x174
 293 0174 0F       		.uleb128 0xf
 294 0175 8C000000 		.4byte	0x8c
 295 0179 10       		.uleb128 0x10
 296 017a 21000000 		.4byte	.LASF22
 297 017e 01       		.byte	0x1
 298 017f 10       		.byte	0x10
 299 0180 8A010000 		.4byte	0x18a
 300 0184 05       		.uleb128 0x5
 301 0185 03       		.byte	0x3
 302 0186 00000000 		.4byte	flag_checkButtons
 303 018a 0F       		.uleb128 0xf
ARM GAS  C:\Users\laure\AppData\Local\Temp\ccOGAACa.s 			page 7


 304 018b 73000000 		.4byte	0x73
 305 018f 11       		.uleb128 0x11
 306 0190 35010000 		.4byte	.LASF18
 307 0194 35010000 		.4byte	.LASF18
 308 0198 01       		.byte	0x1
 309 0199 17       		.byte	0x17
 310 019a 11       		.uleb128 0x11
 311 019b F4000000 		.4byte	.LASF20
 312 019f F4000000 		.4byte	.LASF20
 313 01a3 01       		.byte	0x1
 314 01a4 26       		.byte	0x26
 315 01a5 11       		.uleb128 0x11
 316 01a6 E7000000 		.4byte	.LASF19
 317 01aa E7000000 		.4byte	.LASF19
 318 01ae 01       		.byte	0x1
 319 01af 26       		.byte	0x26
 320 01b0 11       		.uleb128 0x11
 321 01b1 88010000 		.4byte	.LASF23
 322 01b5 88010000 		.4byte	.LASF23
 323 01b9 05       		.byte	0x5
 324 01ba 18       		.byte	0x18
 325 01bb 00       		.byte	0
 326              		.section	.debug_abbrev,"",%progbits
 327              	.Ldebug_abbrev0:
 328 0000 01       		.uleb128 0x1
 329 0001 11       		.uleb128 0x11
 330 0002 01       		.byte	0x1
 331 0003 25       		.uleb128 0x25
 332 0004 0E       		.uleb128 0xe
 333 0005 13       		.uleb128 0x13
 334 0006 0B       		.uleb128 0xb
 335 0007 03       		.uleb128 0x3
 336 0008 0E       		.uleb128 0xe
 337 0009 1B       		.uleb128 0x1b
 338 000a 0E       		.uleb128 0xe
 339 000b 55       		.uleb128 0x55
 340 000c 17       		.uleb128 0x17
 341 000d 11       		.uleb128 0x11
 342 000e 01       		.uleb128 0x1
 343 000f 10       		.uleb128 0x10
 344 0010 17       		.uleb128 0x17
 345 0011 00       		.byte	0
 346 0012 00       		.byte	0
 347 0013 02       		.uleb128 0x2
 348 0014 24       		.uleb128 0x24
 349 0015 00       		.byte	0
 350 0016 0B       		.uleb128 0xb
 351 0017 0B       		.uleb128 0xb
 352 0018 3E       		.uleb128 0x3e
 353 0019 0B       		.uleb128 0xb
 354 001a 03       		.uleb128 0x3
 355 001b 0E       		.uleb128 0xe
 356 001c 00       		.byte	0
 357 001d 00       		.byte	0
 358 001e 03       		.uleb128 0x3
 359 001f 16       		.uleb128 0x16
 360 0020 00       		.byte	0
ARM GAS  C:\Users\laure\AppData\Local\Temp\ccOGAACa.s 			page 8


 361 0021 03       		.uleb128 0x3
 362 0022 0E       		.uleb128 0xe
 363 0023 3A       		.uleb128 0x3a
 364 0024 0B       		.uleb128 0xb
 365 0025 3B       		.uleb128 0x3b
 366 0026 0B       		.uleb128 0xb
 367 0027 49       		.uleb128 0x49
 368 0028 13       		.uleb128 0x13
 369 0029 00       		.byte	0
 370 002a 00       		.byte	0
 371 002b 04       		.uleb128 0x4
 372 002c 24       		.uleb128 0x24
 373 002d 00       		.byte	0
 374 002e 0B       		.uleb128 0xb
 375 002f 0B       		.uleb128 0xb
 376 0030 3E       		.uleb128 0x3e
 377 0031 0B       		.uleb128 0xb
 378 0032 03       		.uleb128 0x3
 379 0033 08       		.uleb128 0x8
 380 0034 00       		.byte	0
 381 0035 00       		.byte	0
 382 0036 05       		.uleb128 0x5
 383 0037 2E       		.uleb128 0x2e
 384 0038 01       		.byte	0x1
 385 0039 3F       		.uleb128 0x3f
 386 003a 19       		.uleb128 0x19
 387 003b 03       		.uleb128 0x3
 388 003c 0E       		.uleb128 0xe
 389 003d 3A       		.uleb128 0x3a
 390 003e 0B       		.uleb128 0xb
 391 003f 3B       		.uleb128 0x3b
 392 0040 0B       		.uleb128 0xb
 393 0041 27       		.uleb128 0x27
 394 0042 19       		.uleb128 0x19
 395 0043 11       		.uleb128 0x11
 396 0044 01       		.uleb128 0x1
 397 0045 12       		.uleb128 0x12
 398 0046 06       		.uleb128 0x6
 399 0047 40       		.uleb128 0x40
 400 0048 18       		.uleb128 0x18
 401 0049 9742     		.uleb128 0x2117
 402 004b 19       		.uleb128 0x19
 403 004c 01       		.uleb128 0x1
 404 004d 13       		.uleb128 0x13
 405 004e 00       		.byte	0
 406 004f 00       		.byte	0
 407 0050 06       		.uleb128 0x6
 408 0051 2E       		.uleb128 0x2e
 409 0052 01       		.byte	0x1
 410 0053 3F       		.uleb128 0x3f
 411 0054 19       		.uleb128 0x19
 412 0055 03       		.uleb128 0x3
 413 0056 0E       		.uleb128 0xe
 414 0057 3A       		.uleb128 0x3a
 415 0058 0B       		.uleb128 0xb
 416 0059 3B       		.uleb128 0x3b
 417 005a 0B       		.uleb128 0xb
ARM GAS  C:\Users\laure\AppData\Local\Temp\ccOGAACa.s 			page 9


 418 005b 49       		.uleb128 0x49
 419 005c 13       		.uleb128 0x13
 420 005d 3C       		.uleb128 0x3c
 421 005e 19       		.uleb128 0x19
 422 005f 01       		.uleb128 0x1
 423 0060 13       		.uleb128 0x13
 424 0061 00       		.byte	0
 425 0062 00       		.byte	0
 426 0063 07       		.uleb128 0x7
 427 0064 18       		.uleb128 0x18
 428 0065 00       		.byte	0
 429 0066 00       		.byte	0
 430 0067 00       		.byte	0
 431 0068 08       		.uleb128 0x8
 432 0069 898201   		.uleb128 0x4109
 433 006c 00       		.byte	0
 434 006d 11       		.uleb128 0x11
 435 006e 01       		.uleb128 0x1
 436 006f 31       		.uleb128 0x31
 437 0070 13       		.uleb128 0x13
 438 0071 00       		.byte	0
 439 0072 00       		.byte	0
 440 0073 09       		.uleb128 0x9
 441 0074 2E       		.uleb128 0x2e
 442 0075 01       		.byte	0x1
 443 0076 3F       		.uleb128 0x3f
 444 0077 19       		.uleb128 0x19
 445 0078 03       		.uleb128 0x3
 446 0079 0E       		.uleb128 0xe
 447 007a 3A       		.uleb128 0x3a
 448 007b 0B       		.uleb128 0xb
 449 007c 3B       		.uleb128 0x3b
 450 007d 0B       		.uleb128 0xb
 451 007e 27       		.uleb128 0x27
 452 007f 19       		.uleb128 0x19
 453 0080 49       		.uleb128 0x49
 454 0081 13       		.uleb128 0x13
 455 0082 8701     		.uleb128 0x87
 456 0084 19       		.uleb128 0x19
 457 0085 11       		.uleb128 0x11
 458 0086 01       		.uleb128 0x1
 459 0087 12       		.uleb128 0x12
 460 0088 06       		.uleb128 0x6
 461 0089 40       		.uleb128 0x40
 462 008a 18       		.uleb128 0x18
 463 008b 9742     		.uleb128 0x2117
 464 008d 19       		.uleb128 0x19
 465 008e 01       		.uleb128 0x1
 466 008f 13       		.uleb128 0x13
 467 0090 00       		.byte	0
 468 0091 00       		.byte	0
 469 0092 0A       		.uleb128 0xa
 470 0093 34       		.uleb128 0x34
 471 0094 00       		.byte	0
 472 0095 03       		.uleb128 0x3
 473 0096 0E       		.uleb128 0xe
 474 0097 3A       		.uleb128 0x3a
ARM GAS  C:\Users\laure\AppData\Local\Temp\ccOGAACa.s 			page 10


 475 0098 0B       		.uleb128 0xb
 476 0099 3B       		.uleb128 0x3b
 477 009a 0B       		.uleb128 0xb
 478 009b 49       		.uleb128 0x49
 479 009c 13       		.uleb128 0x13
 480 009d 02       		.uleb128 0x2
 481 009e 17       		.uleb128 0x17
 482 009f 00       		.byte	0
 483 00a0 00       		.byte	0
 484 00a1 0B       		.uleb128 0xb
 485 00a2 0B       		.uleb128 0xb
 486 00a3 01       		.byte	0x1
 487 00a4 11       		.uleb128 0x11
 488 00a5 01       		.uleb128 0x1
 489 00a6 12       		.uleb128 0x12
 490 00a7 06       		.uleb128 0x6
 491 00a8 01       		.uleb128 0x1
 492 00a9 13       		.uleb128 0x13
 493 00aa 00       		.byte	0
 494 00ab 00       		.byte	0
 495 00ac 0C       		.uleb128 0xc
 496 00ad 898201   		.uleb128 0x4109
 497 00b0 01       		.byte	0x1
 498 00b1 11       		.uleb128 0x11
 499 00b2 01       		.uleb128 0x1
 500 00b3 31       		.uleb128 0x31
 501 00b4 13       		.uleb128 0x13
 502 00b5 00       		.byte	0
 503 00b6 00       		.byte	0
 504 00b7 0D       		.uleb128 0xd
 505 00b8 8A8201   		.uleb128 0x410a
 506 00bb 00       		.byte	0
 507 00bc 02       		.uleb128 0x2
 508 00bd 18       		.uleb128 0x18
 509 00be 9142     		.uleb128 0x2111
 510 00c0 18       		.uleb128 0x18
 511 00c1 00       		.byte	0
 512 00c2 00       		.byte	0
 513 00c3 0E       		.uleb128 0xe
 514 00c4 34       		.uleb128 0x34
 515 00c5 00       		.byte	0
 516 00c6 03       		.uleb128 0x3
 517 00c7 0E       		.uleb128 0xe
 518 00c8 3A       		.uleb128 0x3a
 519 00c9 0B       		.uleb128 0xb
 520 00ca 3B       		.uleb128 0x3b
 521 00cb 05       		.uleb128 0x5
 522 00cc 49       		.uleb128 0x49
 523 00cd 13       		.uleb128 0x13
 524 00ce 3F       		.uleb128 0x3f
 525 00cf 19       		.uleb128 0x19
 526 00d0 3C       		.uleb128 0x3c
 527 00d1 19       		.uleb128 0x19
 528 00d2 00       		.byte	0
 529 00d3 00       		.byte	0
 530 00d4 0F       		.uleb128 0xf
 531 00d5 35       		.uleb128 0x35
ARM GAS  C:\Users\laure\AppData\Local\Temp\ccOGAACa.s 			page 11


 532 00d6 00       		.byte	0
 533 00d7 49       		.uleb128 0x49
 534 00d8 13       		.uleb128 0x13
 535 00d9 00       		.byte	0
 536 00da 00       		.byte	0
 537 00db 10       		.uleb128 0x10
 538 00dc 34       		.uleb128 0x34
 539 00dd 00       		.byte	0
 540 00de 03       		.uleb128 0x3
 541 00df 0E       		.uleb128 0xe
 542 00e0 3A       		.uleb128 0x3a
 543 00e1 0B       		.uleb128 0xb
 544 00e2 3B       		.uleb128 0x3b
 545 00e3 0B       		.uleb128 0xb
 546 00e4 49       		.uleb128 0x49
 547 00e5 13       		.uleb128 0x13
 548 00e6 3F       		.uleb128 0x3f
 549 00e7 19       		.uleb128 0x19
 550 00e8 02       		.uleb128 0x2
 551 00e9 18       		.uleb128 0x18
 552 00ea 00       		.byte	0
 553 00eb 00       		.byte	0
 554 00ec 11       		.uleb128 0x11
 555 00ed 2E       		.uleb128 0x2e
 556 00ee 00       		.byte	0
 557 00ef 3F       		.uleb128 0x3f
 558 00f0 19       		.uleb128 0x19
 559 00f1 3C       		.uleb128 0x3c
 560 00f2 19       		.uleb128 0x19
 561 00f3 6E       		.uleb128 0x6e
 562 00f4 0E       		.uleb128 0xe
 563 00f5 03       		.uleb128 0x3
 564 00f6 0E       		.uleb128 0xe
 565 00f7 3A       		.uleb128 0x3a
 566 00f8 0B       		.uleb128 0xb
 567 00f9 3B       		.uleb128 0x3b
 568 00fa 0B       		.uleb128 0xb
 569 00fb 00       		.byte	0
 570 00fc 00       		.byte	0
 571 00fd 00       		.byte	0
 572              		.section	.debug_loc,"",%progbits
 573              	.Ldebug_loc0:
 574              	.LLST0:
 575 0000 04000000 		.4byte	.LVL1
 576 0004 0A000000 		.4byte	.LVL2
 577 0008 0200     		.2byte	0x2
 578 000a 30       		.byte	0x30
 579 000b 9F       		.byte	0x9f
 580 000c 00000000 		.4byte	0
 581 0010 00000000 		.4byte	0
 582              		.section	.debug_aranges,"",%progbits
 583 0000 24000000 		.4byte	0x24
 584 0004 0200     		.2byte	0x2
 585 0006 00000000 		.4byte	.Ldebug_info0
 586 000a 04       		.byte	0x4
 587 000b 00       		.byte	0
 588 000c 0000     		.2byte	0
ARM GAS  C:\Users\laure\AppData\Local\Temp\ccOGAACa.s 			page 12


 589 000e 0000     		.2byte	0
 590 0010 00000000 		.4byte	.LFB63
 591 0014 14000000 		.4byte	.LFE63-.LFB63
 592 0018 00000000 		.4byte	.LFB64
 593 001c 2C000000 		.4byte	.LFE64-.LFB64
 594 0020 00000000 		.4byte	0
 595 0024 00000000 		.4byte	0
 596              		.section	.debug_ranges,"",%progbits
 597              	.Ldebug_ranges0:
 598 0000 00000000 		.4byte	.LFB63
 599 0004 14000000 		.4byte	.LFE63
 600 0008 00000000 		.4byte	.LFB64
 601 000c 2C000000 		.4byte	.LFE64
 602 0010 00000000 		.4byte	0
 603 0014 00000000 		.4byte	0
 604              		.section	.debug_line,"",%progbits
 605              	.Ldebug_line0:
 606 0000 6A010000 		.section	.debug_str,"MS",%progbits,1
 606      02003F01 
 606      00000201 
 606      FB0E0D00 
 606      01010101 
 607              	.LASF4:
 608 0000 5F5F7569 		.ascii	"__uint8_t\000"
 608      6E74385F 
 608      7400
 609              	.LASF29:
 610 000a 62757474 		.ascii	"buttonStatus\000"
 610      6F6E5374 
 610      61747573 
 610      00
 611              	.LASF5:
 612 0017 5F5F696E 		.ascii	"__int32_t\000"
 612      7433325F 
 612      7400
 613              	.LASF22:
 614 0021 666C6167 		.ascii	"flag_checkButtons\000"
 614      5F636865 
 614      636B4275 
 614      74746F6E 
 614      7300
 615              	.LASF13:
 616 0033 666C6F61 		.ascii	"float\000"
 616      7400
 617              	.LASF1:
 618 0039 756E7369 		.ascii	"unsigned char\000"
 618      676E6564 
 618      20636861 
 618      7200
 619              	.LASF24:
 620 0047 474E5520 		.ascii	"GNU C11 5.4.1 20160609 (release) [ARM/embedded-5-br"
 620      43313120 
 620      352E342E 
 620      31203230 
 620      31363036 
 621 007a 616E6368 		.ascii	"anch revision 237715] -mcpu=cortex-m3 -mthumb -g -O"
 621      20726576 
ARM GAS  C:\Users\laure\AppData\Local\Temp\ccOGAACa.s 			page 13


 621      6973696F 
 621      6E203233 
 621      37373135 
 622 00ad 67202D66 		.ascii	"g -ffunction-sections -ffat-lto-objects\000"
 622      66756E63 
 622      74696F6E 
 622      2D736563 
 622      74696F6E 
 623              	.LASF27:
 624 00d5 49535248 		.ascii	"ISRH_CheckButtons\000"
 624      5F436865 
 624      636B4275 
 624      74746F6E 
 624      7300
 625              	.LASF19:
 626 00e7 63686563 		.ascii	"checkButtons\000"
 626      6B427574 
 626      746F6E73 
 626      00
 627              	.LASF20:
 628 00f4 695F4275 		.ascii	"i_Buttons_Read\000"
 628      74746F6E 
 628      735F5265 
 628      616400
 629              	.LASF7:
 630 0103 6C6F6E67 		.ascii	"long unsigned int\000"
 630      20756E73 
 630      69676E65 
 630      6420696E 
 630      7400
 631              	.LASF3:
 632 0115 73686F72 		.ascii	"short unsigned int\000"
 632      7420756E 
 632      7369676E 
 632      65642069 
 632      6E7400
 633              	.LASF21:
 634 0128 49544D5F 		.ascii	"ITM_RxBuffer\000"
 634      52784275 
 634      66666572 
 634      00
 635              	.LASF18:
 636 0135 4953525F 		.ascii	"ISR_1kHz_ClearInterrupt\000"
 636      316B487A 
 636      5F436C65 
 636      6172496E 
 636      74657272 
 637              	.LASF14:
 638 014d 646F7562 		.ascii	"double\000"
 638      6C6500
 639              	.LASF26:
 640 0154 443A5C46 		.ascii	"D:\\Files\\Uni\\Embedded_4\\Emb4\\Schakelklok.cydsn"
 640      696C6573 
 640      5C556E69 
 640      5C456D62 
 640      65646465 
 641 0182 00       		.ascii	"\000"
ARM GAS  C:\Users\laure\AppData\Local\Temp\ccOGAACa.s 			page 14


 642              	.LASF28:
 643 0183 6D61696E 		.ascii	"main\000"
 643      00
 644              	.LASF23:
 645 0188 4953525F 		.ascii	"ISR_1kHz_StartEx\000"
 645      316B487A 
 645      5F537461 
 645      72744578 
 645      00
 646              	.LASF10:
 647 0199 756E7369 		.ascii	"unsigned int\000"
 647      676E6564 
 647      20696E74 
 647      00
 648              	.LASF9:
 649 01a6 6C6F6E67 		.ascii	"long long unsigned int\000"
 649      206C6F6E 
 649      6720756E 
 649      7369676E 
 649      65642069 
 650              	.LASF11:
 651 01bd 75696E74 		.ascii	"uint8_t\000"
 651      385F7400 
 652              	.LASF12:
 653 01c5 696E7433 		.ascii	"int32_t\000"
 653      325F7400 
 654              	.LASF16:
 655 01cd 73697A65 		.ascii	"sizetype\000"
 655      74797065 
 655      00
 656              	.LASF8:
 657 01d6 6C6F6E67 		.ascii	"long long int\000"
 657      206C6F6E 
 657      6720696E 
 657      7400
 658              	.LASF25:
 659 01e4 6D61696E 		.ascii	"main.c\000"
 659      2E6300
 660              	.LASF15:
 661 01eb 63686172 		.ascii	"char\000"
 661      00
 662              	.LASF2:
 663 01f0 73686F72 		.ascii	"short int\000"
 663      7420696E 
 663      7400
 664              	.LASF6:
 665 01fa 6C6F6E67 		.ascii	"long int\000"
 665      20696E74 
 665      00
 666              	.LASF17:
 667 0203 6C6F6E67 		.ascii	"long double\000"
 667      20646F75 
 667      626C6500 
 668              	.LASF0:
 669 020f 7369676E 		.ascii	"signed char\000"
 669      65642063 
 669      68617200 
ARM GAS  C:\Users\laure\AppData\Local\Temp\ccOGAACa.s 			page 15


 670              		.ident	"GCC: (GNU Tools for ARM Embedded Processors) 5.4.1 20160609 (release) [ARM/embedded-5-bran
